<?xml version="1.0" encoding="UTF-8"?>
<!-- Generated by org.testng.reporters.JUnitReportReporter -->
<testsuite skipped="0" hostname="DESKTOP-JNH96DL" name="testingworld.TC_002" tests="1" failures="0" timestamp="11 Jun 2019 15:48:39 GMT" time="6.654" errors="0">
  <testcase name="testcase" time="6.654" classname="testingworld.TC_002"/>
</testsuite> <!-- testingworld.TC_002 -->
