<?xml version="1.0" encoding="UTF-8"?>
<!-- Generated by org.testng.reporters.JUnitReportReporter -->
<testsuite skipped="0" hostname="DESKTOP-JNH96DL" name="testingworld.TC_003" tests="1" failures="0" timestamp="11 Jun 2019 15:59:02 GMT" time="7.487" errors="0">
  <testcase name="testcase" time="7.487" classname="testingworld.TC_003"/>
</testsuite> <!-- testingworld.TC_003 -->
